<?xml version="1.0" encoding="UTF-8"?>
<!-- Generated by org.testng.reporters.JUnitXMLReporter -->
<testsuite ignored="1" hostname="LAPTOP-2DBSRI6Q" failures="0" tests="1" name="TestRunner2" time="58.066" errors="0" timestamp="2023-12-02T11:33:43 IST">
  <testcase classname="Organisation.CreateOrganisation" name="CreateOrganisation" time="36.586"/>
  <testcase classname="Organisation.CreateOrganisation" name="createproduct" time="0.0">
    <ignored/>
  </testcase> <!-- createproduct -->
</testsuite> <!-- TestRunner2 -->
